 Ngrid    =         512 Npart    =    16777216 Nthreads =          32
  Step   Tot/min      Force       Move          Density      IO         Bias       BDM        Analysis
    1   3.2985E-02   3.0268E-02   8.1772E-04   1.8794E-03    0.000        0.000        0.000        0.000    
    2   3.1121E-02   2.8778E-02   1.3078E-03   1.0263E-03    0.000        0.000        0.000        0.000    
    3   2.9517E-02   2.7053E-02   7.8199E-04   1.6732E-03    0.000        0.000        0.000        0.000    
    4   2.7895E-02   2.6274E-02   6.4913E-04   9.6714E-04    0.000        0.000        0.000        0.000    
    5   2.8922E-02   2.6914E-02   1.0486E-03   9.5320E-04    0.000        0.000        0.000        0.000    
    6   3.7689E-02   3.5613E-02   6.2853E-04   1.4408E-03    0.000        0.000        0.000        0.000    
    7   2.4548E-02   2.2817E-02   6.9642E-04   1.0293E-03    0.000        0.000        0.000        0.000    
    8   2.7041E-02   2.5337E-02   7.2107E-04   9.7820E-04    0.000        0.000        0.000        0.000    
    9   2.6719E-02   2.4981E-02   6.9885E-04   1.0318E-03    0.000        0.000        0.000        0.000    
   10   2.7384E-02   2.5549E-02   8.0194E-04   1.0258E-03    0.000        0.000        0.000        0.000    
   11   2.9555E-02   2.7567E-02   8.2696E-04   1.1539E-03    0.000        0.000        0.000        0.000    
   12   2.8031E-02   2.6284E-02   6.6617E-04   1.0729E-03    0.000        0.000        0.000        0.000    
   13   3.0626E-02   2.8014E-02   1.5014E-03   1.1044E-03    0.000        0.000        0.000        0.000    
   14   3.4222E-02   3.1429E-02   1.1591E-03   1.6259E-03    0.000        0.000        0.000        0.000    
   15   3.7348E-02   3.4916E-02   9.5787E-04   1.4673E-03    0.000        0.000        0.000        0.000    
   16   3.6679E-02   3.4361E-02   8.0763E-04   1.5012E-03    0.000        0.000        0.000        0.000    
   17   3.6967E-02   3.4180E-02   1.1651E-03   1.6137E-03    0.000        0.000        0.000        0.000    
   18   3.6368E-02   3.3375E-02   1.2791E-03   1.7084E-03    0.000        0.000        0.000        0.000    
   19   3.5725E-02   3.3088E-02   1.1332E-03   1.4983E-03    0.000        0.000        0.000        0.000    
   20   3.6247E-02   3.2966E-02   1.5315E-03   1.7435E-03    0.000        0.000        0.000        0.000    
   21   3.6333E-02   3.3584E-02   1.0983E-03   1.6438E-03    0.000        0.000        0.000        0.000    
   22   3.6059E-02   3.3241E-02   1.3401E-03   1.4717E-03    0.000        0.000        0.000        0.000    
   23   3.7922E-02   3.4456E-02   1.5242E-03   1.9360E-03    0.000        0.000        0.000        0.000    
   24   3.7902E-02   3.4509E-02   1.3933E-03   1.9929E-03    0.000        0.000        0.000        0.000    
   25   3.8170E-02   3.5027E-02   1.3440E-03   1.7907E-03    0.000        0.000        0.000        0.000    
   26   3.6861E-02   3.4034E-02   1.3793E-03   1.4408E-03    0.000        0.000        0.000        0.000    
   27   3.7072E-02   3.3970E-02   1.4254E-03   1.6689E-03    0.000        0.000        0.000        0.000    
   28   3.6518E-02   3.3859E-02   1.1901E-03   1.4629E-03    0.000        0.000        0.000        0.000    
   29   3.7690E-02   3.4231E-02   1.3519E-03   2.1004E-03    0.000        0.000        0.000        0.000    
   30   3.7524E-02   3.4719E-02   1.1354E-03   1.6633E-03    0.000        0.000        0.000        0.000    
   31   3.2489E-02   2.9740E-02   8.8094E-04   1.8623E-03    0.000        0.000        0.000        0.000    
   32   2.5321E-02   2.3287E-02   8.9124E-04   1.1374E-03    0.000        0.000        0.000        0.000    
   33   2.7488E-02   2.5219E-02   1.1120E-03   1.1497E-03    0.000        0.000        0.000        0.000    
   34   2.6581E-02   2.4461E-02   8.6454E-04   1.2486E-03    0.000        0.000        0.000        0.000    
   35   2.7423E-02   2.5152E-02   1.1486E-03   1.1166E-03    0.000        0.000        0.000        0.000    
   36   2.7837E-02   2.5350E-02   1.1420E-03   1.3383E-03    0.000        0.000        0.000        0.000    
   37   2.8772E-02   2.6386E-02   1.0057E-03   1.3747E-03    0.000        0.000        0.000        0.000    
   38   2.7273E-02   2.4924E-02   1.1176E-03   1.2230E-03    0.000        0.000        0.000        0.000    
   39   2.8655E-02   2.6101E-02   1.0310E-03   1.5160E-03    0.000        0.000        0.000        0.000    
   40   2.8159E-02   2.5705E-02   1.1494E-03   1.2990E-03    0.000        0.000        0.000        0.000    
   41   2.5923E-02   2.3482E-02   1.2291E-03   1.2061E-03    0.000        0.000        0.000        0.000    
   42   2.7397E-02   2.4933E-02   1.1861E-03   1.2719E-03    0.000        0.000        0.000        0.000    
   43   2.7335E-02   2.4714E-02   1.4283E-03   1.1852E-03    0.000        0.000        0.000        0.000    
   44   3.1378E-02   2.8345E-02   1.5752E-03   1.4520E-03    0.000        0.000        0.000        0.000    
   45   2.9429E-02   2.6824E-02   9.5139E-04   1.6463E-03    0.000        0.000        0.000        0.000    
   46   2.7020E-02   2.4169E-02   1.5823E-03   1.2628E-03    0.000        0.000        0.000        0.000    
   47   2.9261E-02   2.6315E-02   1.4371E-03   1.5021E-03    0.000        0.000        0.000        0.000    
   48   2.7497E-02   2.4632E-02   1.3751E-03   1.4823E-03    0.000        0.000        0.000        0.000    
   49   2.5427E-02   2.3037E-02   1.0649E-03   1.3192E-03    0.000        0.000        0.000        0.000    
   50   2.8239E-02   2.5421E-02   1.4689E-03   1.3428E-03    0.000        0.000        0.000        0.000    
   51   2.5807E-02   2.3048E-02   1.1567E-03   1.5975E-03    0.000        0.000        0.000        0.000    
   52   2.7091E-02   2.4017E-02   1.6551E-03   1.4122E-03    0.000        0.000        0.000        0.000    
   53   2.9272E-02   2.5911E-02   1.5996E-03   1.7548E-03    0.000        0.000        0.000        0.000    
   54   2.9729E-02   2.6840E-02   1.1656E-03   1.7165E-03    0.000        0.000        0.000        0.000    
   55   2.6113E-02   2.2985E-02   1.7031E-03   1.4175E-03    0.000        0.000        0.000        0.000    
   56   3.0124E-02   2.6452E-02   1.7399E-03   1.9264E-03    0.000        0.000        0.000        0.000    
   57   3.0947E-02   2.8251E-02   1.0512E-03   1.6393E-03    0.000        0.000        0.000        0.000    
   58   2.5646E-02   2.2341E-02   1.8389E-03   1.4596E-03    0.000        0.000        0.000        0.000    
   59   2.9116E-02   2.5566E-02   1.7006E-03   1.8440E-03    0.000        0.000        0.000        0.000    
   60   3.6375E-02   3.2255E-02   2.4247E-03   1.6879E-03    0.000        0.000        0.000        0.000    
   61   3.0193E-02   2.6916E-02   1.3372E-03   1.9310E-03    0.000        0.000        0.000        0.000    
   62   2.8458E-02   2.4940E-02   1.9149E-03   1.5961E-03    0.000        0.000        0.000        0.000    
   63   3.0184E-02   2.6299E-02   1.8094E-03   2.0693E-03    0.000        0.000        0.000        0.000    
   64   2.9539E-02   2.6526E-02   1.1808E-03   1.8258E-03    0.000        0.000        0.000        0.000    
   65   2.7087E-02   2.4163E-02   1.2540E-03   1.6640E-03    0.000        0.000        0.000        0.000    
   66   2.7128E-02   2.3811E-02   1.7326E-03   1.5781E-03    0.000        0.000        0.000        0.000    
   67   2.9892E-02   2.6446E-02   1.4848E-03   1.9540E-03    0.000        0.000        0.000        0.000    
   68   2.9012E-02   2.4934E-02   1.9162E-03   2.1559E-03    0.000        0.000        0.000        0.000    
   69   2.9520E-02   2.5434E-02   2.1174E-03   1.9616E-03    0.000        0.000        0.000        0.000    
   70   3.0479E-02   2.6009E-02   2.1434E-03   2.3178E-03    0.000        0.000        0.000        0.000    
   71   3.0341E-02   2.6918E-02   1.3395E-03   2.0775E-03    0.000        0.000        0.000        0.000    
   72   2.6309E-02   2.2382E-02   2.0821E-03   1.8384E-03    0.000        0.000        0.000        0.000    
   73   2.8611E-02   2.4367E-02   2.0719E-03   2.1655E-03    0.000        0.000        0.000        0.000    
   74   3.2197E-02   2.8465E-02   1.6548E-03   2.0696E-03    0.000        0.000        0.000        0.000    
   75   2.9431E-02   2.5259E-02   2.1538E-03   2.0111E-03    0.000        0.000        0.000        0.000    
   76   2.7422E-02   2.3232E-02   2.0874E-03   2.0945E-03    0.000        0.000        0.000        0.000    
   77   3.0798E-02   2.6947E-02   1.7474E-03   2.0981E-03    0.000        0.000        0.000        0.000    
   78   3.0942E-02   2.6648E-02   1.8763E-03   2.4119E-03    0.000        0.000        0.000        0.000    
   79   3.0004E-02   2.5145E-02   2.4673E-03   2.3816E-03    0.000        0.000        0.000        0.000    
   80   2.9791E-02   2.5642E-02   1.4709E-03   2.6718E-03    0.000        0.000        0.000        0.000    
   81   2.5717E-02   2.1552E-02   1.9290E-03   2.2291E-03    0.000        0.000        0.000        0.000    
   82   3.0434E-02   2.5521E-02   2.5358E-03   2.3705E-03    0.000        0.000        0.000        0.000    
   83   2.8942E-02   2.4919E-02   1.5717E-03   2.4452E-03    0.000        0.000        0.000        0.000    
   84   2.9375E-02   2.5389E-02   1.9132E-03   2.0678E-03    0.000        0.000        0.000        0.000    
   85   2.7084E-02   2.2428E-02   2.3977E-03   2.2519E-03    0.000        0.000        0.000        0.000    
   86   3.0875E-02   2.6307E-02   2.0243E-03   2.5360E-03    0.000        0.000        0.000        0.000    
   87   3.1432E-02   2.6914E-02   1.9811E-03   2.5309E-03    0.000        0.000        0.000        0.000    
   88   3.0009E-02   2.5402E-02   2.1367E-03   2.4635E-03    0.000        0.000        0.000        0.000    
   89   2.9100E-02   2.4402E-02   2.2171E-03   2.4750E-03    0.000        0.000        0.000        0.000    
   90   3.1236E-02   2.6136E-02   2.0177E-03   3.0762E-03    0.000        0.000        0.000        0.000    
   91   3.1225E-02   2.6532E-02   2.1489E-03   2.5370E-03    0.000        0.000        0.000        0.000    
   92   3.0863E-02   2.5493E-02   2.5271E-03   2.8338E-03    0.000        0.000        0.000        0.000    
   93   3.1597E-02   2.6209E-02   2.3471E-03   3.0355E-03    0.000        0.000        0.000        0.000    
   94   2.9529E-02   2.4679E-02   2.1372E-03   2.7069E-03    0.000        0.000        0.000        0.000    
   95   3.0444E-02   2.5337E-02   2.4940E-03   2.6067E-03    0.000        0.000        0.000        0.000    
   96   3.0754E-02   2.5305E-02   2.4991E-03   2.9432E-03    0.000        0.000        0.000        0.000    
   97   3.0269E-02   2.5141E-02   2.3514E-03   2.7710E-03    0.000        0.000        0.000        0.000    
   98   2.9193E-02   2.4583E-02   2.0950E-03   2.5083E-03    0.000        0.000        0.000        0.000    
   99   2.9700E-02   2.4641E-02   2.3992E-03   2.6543E-03    0.000        0.000        0.000        0.000    
  100   3.0584E-02   2.5431E-02   2.2809E-03   2.8653E-03    0.000        0.000        0.000        0.000    
  101   3.1083E-02   2.6367E-02   1.9755E-03   2.7331E-03    0.000        0.000        0.000        0.000    
  102   2.6366E-02   2.1165E-02   2.5861E-03   2.6087E-03    0.000        0.000        0.000        0.000    
  103   3.1197E-02   2.6040E-02   2.2057E-03   2.9449E-03    0.000        0.000        0.000        0.000    
  104   3.1308E-02   2.6540E-02   1.9104E-03   2.8521E-03    0.000        0.000        0.000        0.000    
  105   2.6802E-02   2.1810E-02   2.4015E-03   2.5815E-03    0.000        0.000        0.000        0.000    
  106   3.1159E-02   2.5969E-02   2.1591E-03   3.0245E-03    0.000        0.000        0.000        0.000    
  107   3.2221E-02   2.7079E-02   2.1434E-03   2.9922E-03    0.000        0.000        0.000        0.000    
  108   8.2824E-02   2.7572E-02   2.3656E-03   8.8865E-03   2.6610E-02    0.000        0.000       3.8384E-02
  109   2.7096E-02   2.2218E-02   2.4048E-03   2.4661E-03    0.000        0.000        0.000        0.000    
  110   2.9995E-02   2.5216E-02   2.1561E-03   2.6174E-03    0.000        0.000        0.000        0.000    
  111   2.9195E-02   2.4587E-02   1.8122E-03   2.7898E-03    0.000        0.000        0.000        0.000    
  112   2.5979E-02   2.1192E-02   2.4040E-03   2.3768E-03    0.000        0.000        0.000        0.000    
  113   2.8862E-02   2.4240E-02   1.8939E-03   2.7214E-03    0.000        0.000        0.000        0.000    
  114   2.9526E-02   2.5176E-02   1.9691E-03   2.3743E-03    0.000        0.000        0.000        0.000    
  115   3.0214E-02   2.5398E-02   2.2107E-03   2.6004E-03    0.000        0.000        0.000        0.000    
  116   2.9981E-02   2.4506E-02   2.5070E-03   2.9612E-03    0.000        0.000        0.000        0.000    
  117   3.0375E-02   2.5251E-02   2.2954E-03   2.8211E-03    0.000        0.000        0.000        0.000    
  118   3.0189E-02   2.4887E-02   2.4689E-03   2.8272E-03    0.000        0.000        0.000        0.000    
  119   2.9729E-02   2.4585E-02   2.3979E-03   2.7362E-03    0.000        0.000        0.000        0.000    
  120   3.0723E-02   2.5490E-02   2.4139E-03   2.8135E-03    0.000        0.000        0.000        0.000    
  121   2.7842E-02   2.2833E-02   2.3252E-03   2.6764E-03    0.000        0.000        0.000        0.000    
  122   3.0458E-02   2.5132E-02   2.4918E-03   2.8272E-03    0.000        0.000        0.000        0.000    
  123   3.0491E-02   2.5194E-02   2.4427E-03   2.8468E-03    0.000        0.000        0.000        0.000    
  124   7.8900E-02   2.4540E-02   2.3855E-03   8.3308E-03   2.4613E-02    0.000        0.000       3.7576E-02
  125   2.9199E-02   2.4668E-02   2.1108E-03   2.4132E-03    0.000        0.000        0.000        0.000    
  126   2.9637E-02   2.4398E-02   2.6354E-03   2.5960E-03    0.000        0.000        0.000        0.000    
  127   3.0037E-02   2.5136E-02   1.9155E-03   2.9798E-03    0.000        0.000        0.000        0.000    
  128   2.9078E-02   2.4463E-02   2.2799E-03   2.3290E-03    0.000        0.000        0.000        0.000    
  129   2.9006E-02   2.3955E-02   2.3898E-03   2.6560E-03    0.000        0.000        0.000        0.000    
  130   3.1252E-02   2.6038E-02   2.2985E-03   2.9086E-03    0.000        0.000        0.000        0.000    
  131   3.0608E-02   2.5827E-02   2.0424E-03   2.7334E-03    0.000        0.000        0.000        0.000    
  132   2.6265E-02   2.1375E-02   2.2715E-03   2.6105E-03    0.000        0.000        0.000        0.000    
  133   3.0396E-02   2.5179E-02   2.2774E-03   2.9332E-03    0.000        0.000        0.000        0.000    
  134   2.6858E-02   2.1827E-02   2.3781E-03   2.6464E-03    0.000        0.000        0.000        0.000    
  135   2.8808E-02   2.3602E-02   2.4544E-03   2.7440E-03    0.000        0.000        0.000        0.000    
  136   3.0705E-02   2.5635E-02   2.2402E-03   2.8226E-03    0.000        0.000        0.000        0.000    
  137   2.7412E-02   2.2279E-02   2.4091E-03   2.7171E-03    0.000        0.000        0.000        0.000    
  138   3.0104E-02   2.4852E-02   2.4928E-03   2.7517E-03    0.000        0.000        0.000        0.000    
  139   3.0809E-02   2.5755E-02   2.2914E-03   2.7552E-03    0.000        0.000        0.000        0.000    
  140   2.7648E-02   2.2722E-02   2.2436E-03   2.6744E-03    0.000        0.000        0.000        0.000    
  141   2.5705E-02   2.0577E-02   2.2644E-03   2.8575E-03    0.000        0.000        0.000        0.000    
  142   2.9989E-02   2.5039E-02   2.3107E-03   2.6316E-03    0.000        0.000        0.000        0.000    
  143   2.7156E-02   2.2202E-02   2.2181E-03   2.7293E-03    0.000        0.000        0.000        0.000    
  144   2.6169E-02   2.1172E-02   2.2878E-03   2.7023E-03    0.000        0.000        0.000        0.000    
  145   3.6367E-02   3.0528E-02   3.1937E-03   2.6382E-03    0.000        0.000        0.000        0.000    
  146   3.8455E-02   3.2212E-02   2.2781E-03   3.9591E-03    0.000        0.000        0.000        0.000    
  147   3.1750E-02   2.6787E-02   2.0859E-03   2.8717E-03    0.000        0.000        0.000        0.000    
  148   2.6486E-02   2.1381E-02   2.4958E-03   2.6011E-03    0.000        0.000        0.000        0.000    
  149   3.0692E-02   2.5664E-02   2.1917E-03   2.8310E-03    0.000        0.000        0.000        0.000    
  150   3.1441E-02   2.6594E-02   2.1296E-03   2.7115E-03    0.000        0.000        0.000        0.000    
  151   2.9669E-02   2.4634E-02   2.4134E-03   2.6154E-03    0.000        0.000        0.000        0.000    
  152   3.2107E-02   2.6214E-02   3.1520E-03   2.7328E-03    0.000        0.000        0.000        0.000    
  153   3.3705E-02   2.7629E-02   2.9327E-03   3.1357E-03    0.000        0.000        0.000        0.000    
  154   2.8950E-02   2.3882E-02   2.3468E-03   2.7145E-03    0.000        0.000        0.000        0.000    
  155   3.0679E-02   2.5170E-02   2.6352E-03   2.8666E-03    0.000        0.000        0.000        0.000    
  156   3.0448E-02   2.5328E-02   2.3056E-03   2.8066E-03    0.000        0.000        0.000        0.000    
  157   9.4082E-02   2.5068E-02   2.1667E-03   8.7519E-03   2.8636E-02    0.000        0.000       5.1076E-02
