 Ngrid    =         512 Npart    =    16777216 Nthreads =          32
  Step   Tot/min      Force       Move          Density      IO         Bias       BDM        Analysis
    1   0.2432       2.2971E-02   8.3367E-04    298.1        0.000        0.000        0.000        0.000    
    2   0.2365       3.0610E-02   6.8954E-04    901.1        0.000        0.000        0.000        0.000    
    3   0.2308       2.3091E-02   6.9892E-04    1524.        0.000        0.000        0.000        0.000    
    4   0.2317       2.5935E-02   6.0101E-04    2126.        0.000        0.000        0.000        0.000    
    5   0.2327       2.4968E-02   8.0643E-04    2736.        0.000        0.000        0.000        0.000    
    6   0.2316       2.3821E-02   1.0487E-03    3345.        0.000        0.000        0.000        0.000    
    7   0.3327       2.1394E-02   7.0076E-04    4109.        0.000        0.000        0.000        0.000    
    8   0.2346       2.7187E-02   6.0832E-04    4823.        0.000        0.000        0.000        0.000    
    9   0.2342       2.5809E-02   1.0513E-03    5438.        0.000        0.000        0.000        0.000    
   10   0.3653       3.3964E-02   1.0808E-03    6214.        0.000        0.000        0.000        0.000    
   11   0.2575       2.8655E-02   6.8105E-04    7060.        0.000        0.000        0.000        0.000    
   12   0.2310       2.3404E-02   6.2561E-04    7683.        0.000        0.000        0.000        0.000    
   13   0.2369       2.8371E-02   1.0559E-03    8289.        0.000        0.000        0.000        0.000    
   14   0.2346       2.5584E-02   1.0895E-03    8911.        0.000        0.000        0.000        0.000    
   15   0.2337       2.7166E-02   6.3324E-04    9522.        0.000        0.000        0.000        0.000    
   16   0.2323       2.4378E-02   6.8741E-04   1.0136E+04    0.000        0.000        0.000        0.000    
   17   0.2314       2.3922E-02   8.0109E-04   1.0744E+04    0.000        0.000        0.000        0.000    
   18   0.2352       2.6469E-02   8.3008E-04   1.1352E+04    0.000        0.000        0.000        0.000    
   19   0.2318       2.4073E-02   6.9987E-04   1.1967E+04    0.000        0.000        0.000        0.000    
   20   0.2282       2.1079E-02   8.2347E-04   1.2573E+04    0.000        0.000        0.000        0.000    
   21   0.2334       2.5313E-02   1.0228E-03   1.3171E+04    0.000        0.000        0.000        0.000    
   22   0.2333       2.4974E-02   7.5785E-04   1.3784E+04    0.000        0.000        0.000        0.000    
   23   0.2298       2.2103E-02   7.8939E-04   1.4394E+04    0.000        0.000        0.000        0.000    
   24   0.2316       2.2992E-02   8.9111E-04   1.4997E+04    0.000        0.000        0.000        0.000    
   25   0.2359       2.7643E-02   1.2807E-03   1.5603E+04    0.000        0.000        0.000        0.000    
   26   0.2358       2.4664E-02   1.1388E-03   1.6228E+04    0.000        0.000        0.000        0.000    
   27   0.2291       2.1407E-02   9.7707E-04   1.6839E+04    0.000        0.000        0.000        0.000    
   28   0.2334       2.5126E-02   7.0292E-04   1.7440E+04    0.000        0.000        0.000        0.000    
   29   0.2307       2.3373E-02   9.6334E-04   1.8051E+04    0.000        0.000        0.000        0.000    
   30   0.2321       2.3794E-02   7.4615E-04   1.8656E+04    0.000        0.000        0.000        0.000    
   31   0.2324       2.4156E-02   8.4991E-04   1.9263E+04    0.000        0.000        0.000        0.000    
   32   0.2345       2.4889E-02   6.8970E-04   1.9875E+04    0.000        0.000        0.000        0.000    
   33   0.2319       2.3593E-02   1.0513E-03   2.0487E+04    0.000        0.000        0.000        0.000    
   34   0.2348       2.5363E-02   1.1434E-03   2.1096E+04    0.000        0.000        0.000        0.000    
   35   0.2290       1.9617E-02   1.1307E-03   2.1711E+04    0.000        0.000        0.000        0.000    
   36   0.2467       3.6961E-02   1.5910E-03   2.2309E+04    0.000        0.000        0.000        0.000    
   37   0.2780       2.3953E-02   8.5347E-04   2.3053E+04    0.000        0.000        0.000        0.000    
   38   0.2359       2.5812E-02   1.0671E-03   2.3686E+04    0.000        0.000        0.000        0.000    
   39   0.2319       2.3521E-02   1.1800E-03   2.4302E+04    0.000        0.000        0.000        0.000    
   40   0.3051       2.5571E-02   1.3092E-03   3.3335E+04    0.000        0.000        0.000        0.000    
   41   0.2991       2.1772E-02   1.0793E-03   3.4396E+04    0.000        0.000        0.000        0.000    
   42   0.3031       2.4942E-02   1.0997E-03   3.5443E+04    0.000        0.000        0.000        0.000    
   43   0.3012       2.2044E-02   1.1678E-03   3.6503E+04    0.000        0.000        0.000        0.000    
   44   0.3203       2.7308E-02   1.4821E-03   3.7572E+04    0.000        0.000        0.000        0.000    
   45   0.3077       2.7859E-02   1.1698E-03   3.8675E+04    0.000        0.000        0.000        0.000    
   46   0.4830       3.1283E-02   1.1414E-03   4.0053E+04    0.000        0.000        0.000        0.000    
   47   0.3058       2.7285E-02   1.1149E-03   4.1435E+04    0.000        0.000        0.000        0.000    
   48   0.3062       2.7795E-02   1.0132E-03   4.2502E+04    0.000        0.000        0.000        0.000    
   49   0.3048       2.6141E-02   8.5042E-04   4.3574E+04    0.000        0.000        0.000        0.000    
   50   0.3074       2.7029E-02   1.6184E-03   4.4639E+04    0.000        0.000        0.000        0.000    
   51   0.3051       2.5883E-02   1.4699E-03   4.5711E+04    0.000        0.000        0.000        0.000    
   52   0.3029       2.3624E-02   1.4486E-03   4.6777E+04    0.000        0.000        0.000        0.000    
   53   0.3030       2.2919E-02   1.3550E-03   4.7836E+04    0.000        0.000        0.000        0.000    
   54   0.3091       2.8865E-02   1.7802E-03   4.8894E+04    0.000        0.000        0.000        0.000    
   55   0.3085       2.6547E-02   8.6466E-04   4.9986E+04    0.000        0.000        0.000        0.000    
   56   0.3038       2.7288E-02   1.1505E-03   5.1046E+04    0.000        0.000        0.000        0.000    
   57   0.3020       2.7171E-02   1.1058E-03   5.2105E+04    0.000        0.000        0.000        0.000    
   58   0.3016       2.6665E-02   1.0315E-03   5.3160E+04    0.000        0.000        0.000        0.000    
   59   0.2993       2.7283E-02   1.3123E-03   5.4206E+04    0.000        0.000        0.000        0.000    
   60   0.2982       2.6388E-02   1.3763E-03   5.5253E+04    0.000        0.000        0.000        0.000    
   61   0.2956       2.6765E-02   1.6988E-03   5.6288E+04    0.000        0.000        0.000        0.000    
   62   0.2921       2.6448E-02   1.6815E-03   5.7315E+04    0.000        0.000        0.000        0.000    
   63   0.2889       2.6349E-02   1.3082E-03   5.8332E+04    0.000        0.000        0.000        0.000    
   64   0.2831       2.5067E-02   1.6927E-03   5.9332E+04    0.000        0.000        0.000        0.000    
   65   0.2884       3.3209E-02   1.9267E-03   6.0314E+04    0.000        0.000        0.000        0.000    
   66   0.3010       2.6241E-02   2.0162E-03   6.1390E+04    0.000        0.000        0.000        0.000    
   67   0.2770       2.7989E-02   1.4974E-03   6.2364E+04    0.000        0.000        0.000        0.000    
   68   0.2832       3.3462E-02   2.4556E-03   6.3330E+04    0.000        0.000        0.000        0.000    
   69   0.2976       2.3529E-02   1.7151E-03   6.4402E+04    0.000        0.000        0.000        0.000    
   70   0.2690       2.3081E-02   1.4832E-03   6.5356E+04    0.000        0.000        0.000        0.000    
   71   0.2741       2.7242E-02   1.8168E-03   6.6296E+04    0.000        0.000        0.000        0.000    
   72   0.2688       2.5812E-02   1.3733E-03   6.7249E+04    0.000        0.000        0.000        0.000    
   73   0.2693       2.4866E-02   1.5788E-03   6.8190E+04    0.000        0.000        0.000        0.000    
   74   0.2639       2.1853E-02   1.6581E-03   6.9126E+04    0.000        0.000        0.000        0.000    
   75   0.2648       2.1313E-02   1.7578E-03   7.0051E+04    0.000        0.000        0.000        0.000    
   76   0.2685       2.7047E-02   1.3875E-03   7.0972E+04    0.000        0.000        0.000        0.000    
   77   0.2745       3.1976E-02   2.0426E-03   7.1910E+04    0.000        0.000        0.000        0.000    
   78   0.2710       2.6422E-02   1.7558E-03   7.2875E+04    0.000        0.000        0.000        0.000    
   79   0.2676       2.5956E-02   1.9043E-03   7.3814E+04    0.000        0.000        0.000        0.000    
   80   0.2702       2.6585E-02   1.9714E-03   7.4752E+04    0.000        0.000        0.000        0.000    
   81   0.2646       2.4750E-02   2.1016E-03   7.5690E+04    0.000        0.000        0.000        0.000    
   82   0.2644       2.7325E-02   1.9552E-03   7.6611E+04    0.000        0.000        0.000        0.000    
   83   0.2588       2.6825E-02   2.4679E-03   7.7522E+04    0.000        0.000        0.000        0.000    
   84   0.2560       2.6288E-02   2.0040E-03   7.8425E+04    0.000        0.000        0.000        0.000    
   85   0.2546       2.6935E-02   2.2949E-03   7.9312E+04    0.000        0.000        0.000        0.000    
   86   0.2493       2.2032E-02   1.8148E-03   8.0204E+04    0.000        0.000        0.000        0.000    
   87   0.2494       2.3572E-02   1.9124E-03   8.1070E+04    0.000        0.000        0.000        0.000    
   88   0.2520       2.5970E-02   2.0223E-03   8.1943E+04    0.000        0.000        0.000        0.000    
   89   0.2542       2.7279E-02   2.2603E-03   8.2823E+04    0.000        0.000        0.000        0.000    
   90   0.2531       2.7240E-02   2.6449E-03   8.3710E+04    0.000        0.000        0.000        0.000    
   91   0.2864       2.5248E-02   2.0610E-03   8.4703E+04    0.000        0.000        0.000        0.000    
   92   0.2528       2.7478E-02   2.3783E-03   8.5593E+04    0.000        0.000        0.000        0.000    
   93   0.2518       2.6721E-02   1.8331E-03   8.6476E+04    0.000        0.000        0.000        0.000    
   94   0.2460       2.2837E-02   2.0223E-03   8.7353E+04    0.000        0.000        0.000        0.000    
   95   0.2510       2.6430E-02   2.5248E-03   8.8214E+04    0.000        0.000        0.000        0.000    
   96   0.2503       2.7299E-02   1.9145E-03   8.9087E+04    0.000        0.000        0.000        0.000    
   97   0.2469       2.3234E-02   2.0650E-03   8.9964E+04    0.000        0.000        0.000        0.000    
   98   0.2426       1.9222E-02   2.1098E-03   9.0824E+04    0.000        0.000        0.000        0.000    
   99   0.2567       3.1565E-02   2.5716E-03   9.1675E+04    0.000        0.000        0.000        0.000    
  100   0.2655       2.4025E-02   2.3560E-03   9.2629E+04    0.000        0.000        0.000        0.000    
  101   0.2502       2.6422E-02   2.3010E-03   9.3499E+04    0.000        0.000        0.000        0.000    
  102   0.2485       2.5224E-02   2.1444E-03   9.4371E+04    0.000        0.000        0.000        0.000    
  103   0.2495       2.6430E-02   2.1586E-03   9.5239E+04    0.000        0.000        0.000        0.000    
  104   0.2449       2.2288E-02   2.2115E-03   9.6107E+04    0.000        0.000        0.000        0.000    
  105   0.2470       2.3812E-02   2.4943E-03   9.6965E+04    0.000        0.000        0.000        0.000    
  106   0.2504       2.7425E-02   2.0040E-03   9.7828E+04    0.000        0.000        0.000        0.000    
  107   0.2470       2.5346E-02   2.0365E-03   9.8702E+04    0.000        0.000        0.000        0.000    
  108   0.3043       2.5844E-02   2.4292E-03   9.9563E+04   3.0092E-02    0.000        0.000       4.2965E-02
  109   0.2460       2.5028E-02   2.7283E-03   1.0062E+05    0.000        0.000        0.000        0.000    
  110   0.2505       2.7336E-02   2.2664E-03   1.0149E+05    0.000        0.000        0.000        0.000    
  111   0.2473       2.6117E-02   2.1667E-03   1.0236E+05    0.000        0.000        0.000        0.000    
  112   0.1947       2.6597E-02   2.1830E-03   7.7348E+04    0.000        0.000        0.000        0.000    
  113   0.1885       2.0565E-02   2.2705E-03   7.7858E+04    0.000        0.000        0.000        0.000    
  114   0.1953       2.7574E-02   2.2319E-03   7.8351E+04    0.000        0.000        0.000        0.000    
  115   0.1939       2.5468E-02   2.5024E-03   7.8863E+04    0.000        0.000        0.000        0.000    
  116   0.1898       2.2648E-02   2.2278E-03   7.9370E+04    0.000        0.000        0.000        0.000    
  117   0.2476       2.5950E-02   2.1790E-03   1.0658E+05    0.000        0.000        0.000        0.000    
  118   0.1931       2.5427E-02   2.4373E-03   8.0517E+04    0.000        0.000        0.000        0.000    
  119   0.1956       2.6685E-02   2.2095E-03   8.1025E+04    0.000        0.000        0.000        0.000    
  120   0.1913       2.3120E-02   2.0813E-03   8.1535E+04    0.000        0.000        0.000        0.000    
  121   0.1934       2.5934E-02   2.2868E-03   8.2035E+04    0.000        0.000        0.000        0.000    
  122   0.1944       2.6442E-02   2.2359E-03   8.2543E+04    0.000        0.000        0.000        0.000    
  123   0.1925       2.4648E-02   2.2583E-03   8.3053E+04    0.000        0.000        0.000        0.000    
  124   0.2452       2.3755E-02   2.3966E-03   8.3557E+04   2.4821E-02    0.000        0.000       4.0550E-02
  125   0.1935       2.5427E-02   2.3966E-03   8.4200E+04    0.000        0.000        0.000        0.000    
  126   0.1869       2.0038E-02   2.4841E-03   8.4703E+04    0.000        0.000        0.000        0.000    
  127   0.1929       2.4349E-02   2.3173E-03   8.5196E+04    0.000        0.000        0.000        0.000    
  128   0.1933       2.6666E-02   2.1830E-03   8.5700E+04    0.000        0.000        0.000        0.000    
  129   0.1926       2.4314E-02   2.3560E-03   8.6207E+04    0.000        0.000        0.000        0.000    
  130   0.1906       2.2034E-02   2.2725E-03   8.6713E+04    0.000        0.000        0.000        0.000    
  131   0.1942       2.6986E-02   2.3722E-03   8.7210E+04    0.000        0.000        0.000        0.000    
  132   0.1907       2.1627E-02   2.7100E-03   8.7720E+04    0.000        0.000        0.000        0.000    
  133   0.1929       2.5112E-02   2.3275E-03   8.8220E+04    0.000        0.000        0.000        0.000    
  134   0.1955       2.6992E-02   2.3722E-03   8.8726E+04    0.000        0.000        0.000        0.000    
  135   0.1940       2.6005E-02   2.1810E-03   8.9236E+04    0.000        0.000        0.000        0.000    
  136   0.1910       2.3116E-02   2.5065E-03   8.9744E+04    0.000        0.000        0.000        0.000    
  137   0.1956       2.7311E-02   2.3193E-03   9.0246E+04    0.000        0.000        0.000        0.000    
  138   0.1932       2.5741E-02   2.3804E-03   9.0757E+04    0.000        0.000        0.000        0.000    
  139   0.1996       3.1079E-02   2.2868E-03   9.1265E+04    0.000        0.000        0.000        0.000    
  140   0.1916       2.2522E-02   2.2949E-03   9.1788E+04    0.000        0.000        0.000        0.000    
  141   0.1956       2.6969E-02   2.2298E-03   9.2289E+04    0.000        0.000        0.000        0.000    
  142   0.2001       3.0241E-02   2.6204E-03   9.2804E+04    0.000        0.000        0.000        0.000    
  143   0.1957       2.6603E-02   2.3560E-03   9.3327E+04    0.000        0.000        0.000        0.000    
  144   0.1953       2.7181E-02   2.5838E-03   9.3837E+04    0.000        0.000        0.000        0.000    
  145   0.1973       2.8202E-02   2.6815E-03   9.4350E+04    0.000        0.000        0.000        0.000    
  146   0.1921       2.2587E-02   4.2033E-03   9.4865E+04    0.000        0.000        0.000        0.000    
  147   0.2351       2.8097E-02   2.4129E-03   9.5455E+04    0.000        0.000        0.000        0.000    
  148   0.1936       2.5903E-02   2.4577E-03   9.5985E+04    0.000        0.000        0.000        0.000    
  149   0.2322       2.7743E-02   2.8524E-03   9.6542E+04    0.000        0.000        0.000        0.000    
  150   0.1954       2.6066E-02   2.4414E-03   9.7103E+04    0.000        0.000        0.000        0.000    
  151   0.1941       2.5057E-02   2.8280E-03   9.7614E+04    0.000        0.000        0.000        0.000    
  152   0.1934       2.4154E-02   2.6611E-03   9.8124E+04    0.000        0.000        0.000        0.000    
  153   0.1922       2.5370E-02   2.8361E-03   9.8627E+04    0.000        0.000        0.000        0.000    
  154   0.1947       2.5716E-02   2.6815E-03   9.9133E+04    0.000        0.000        0.000        0.000    
  155   0.1965       2.6847E-02   3.6051E-03   9.9642E+04    0.000        0.000        0.000        0.000    
  156   0.1935       2.4589E-02   2.2664E-03   1.0016E+05    0.000        0.000        0.000        0.000    
  157   0.2609       2.5370E-02   2.3560E-03   1.0066E+05   2.8426E-02    0.000        0.000       5.4163E-02
